This file contains any messages produced by compilers while
running configure, to aid debugging if configure makes a mistake.

It was created by swig configure 3.0.12, which was
generated by GNU Autoconf 2.69.  Invocation command line was

  $ ./configure 

## --------- ##
## Platform. ##
## --------- ##

hostname = liuqiangdeMacBook-Air.local
uname -m = x86_64
uname -r = 16.7.0
uname -s = Darwin
uname -v = Darwin Kernel Version 16.7.0: Thu Jun 15 17:36:27 PDT 2017; root:xnu-3789.70.16~2/RELEASE_X86_64

/usr/bin/uname -p = i386
/bin/uname -X     = unknown

/bin/arch              = unknown
/usr/bin/arch -k       = unknown
/usr/convex/getsysinfo = unknown
/usr/bin/hostinfo      = Mach kernel version:
	 Darwin Kernel Version 16.7.0: Thu Jun 15 17:36:27 PDT 2017; root:xnu-3789.70.16~2/RELEASE_X86_64
Kernel configured for up to 4 processors.
2 processors are physically available.
4 processors are logically available.
Processor type: x86_64h (Intel x86-64h Haswell)
Processors active: 0 1 2 3
Primary memory available: 8.00 gigabytes
Default processor set: 298 tasks, 1034 threads, 4 processors
Load average: 1.54, Mach factor: 2.62
/bin/machine           = unknown
/usr/bin/oslevel       = unknown
/bin/universe          = unknown

PATH: /usr/local/bin
PATH: /usr/bin
PATH: /bin
PATH: /usr/sbin
PATH: /sbin


## ----------- ##
## Core tests. ##
## ----------- ##

configure:2831: checking build system type
configure:2845: result: x86_64-apple-darwin16.7.0
configure:2865: checking host system type
configure:2878: result: x86_64-apple-darwin16.7.0
configure:2914: checking for a BSD-compatible install
configure:2982: result: /usr/bin/install -c
configure:2993: checking whether build environment is sane
configure:3048: result: yes
configure:3199: checking for a thread-safe mkdir -p
configure:3238: result: Tools/config/install-sh -c -d
configure:3245: checking for gawk
configure:3275: result: no
configure:3245: checking for mawk
configure:3275: result: no
configure:3245: checking for nawk
configure:3275: result: no
configure:3245: checking for awk
configure:3261: found /usr/bin/awk
configure:3272: result: awk
configure:3283: checking whether make sets $(MAKE)
configure:3305: result: yes
configure:3334: checking whether make supports nested variables
configure:3351: result: yes
configure:3528: checking for gcc
configure:3544: found /usr/bin/gcc
configure:3555: result: gcc
configure:3784: checking for C compiler version
configure:3793: gcc --version >&5
Apple LLVM version 8.1.0 (clang-802.0.42)
Target: x86_64-apple-darwin16.7.0
Thread model: posix
InstalledDir: /Applications/Xcode.app/Contents/Developer/Toolchains/XcodeDefault.xctoolchain/usr/bin
Configured with: --prefix=/Applications/Xcode.app/Contents/Developer/usr --with-gxx-include-dir=/usr/include/c++/4.2.1
configure:3804: $? = 0
configure:3793: gcc -v >&5
Configured with: --prefix=/Applications/Xcode.app/Contents/Developer/usr --with-gxx-include-dir=/usr/include/c++/4.2.1
Apple LLVM version 8.1.0 (clang-802.0.42)
Target: x86_64-apple-darwin16.7.0
Thread model: posix
InstalledDir: /Applications/Xcode.app/Contents/Developer/Toolchains/XcodeDefault.xctoolchain/usr/bin
configure:3804: $? = 0
configure:3793: gcc -V >&5
clang: error: argument to '-V' is missing (expected 1 value)
clang: error: no input files
configure:3804: $? = 1
configure:3793: gcc -qversion >&5
clang: error: unknown argument: '-qversion'
clang: error: no input files
configure:3804: $? = 1
configure:3824: checking whether the C compiler works
configure:3846: gcc    conftest.c  >&5
configure:3850: $? = 0
configure:3898: result: yes
configure:3901: checking for C compiler default output file name
configure:3903: result: a.out
configure:3909: checking for suffix of executables
configure:3916: gcc -o conftest    conftest.c  >&5
configure:3920: $? = 0
configure:3942: result: 
configure:3964: checking whether we are cross compiling
configure:3972: gcc -o conftest    conftest.c  >&5
configure:3976: $? = 0
configure:3983: ./conftest
configure:3987: $? = 0
configure:4002: result: no
configure:4007: checking for suffix of object files
configure:4029: gcc -c   conftest.c >&5
configure:4033: $? = 0
configure:4054: result: o
configure:4058: checking whether we are using the GNU C compiler
configure:4077: gcc -c   conftest.c >&5
configure:4077: $? = 0
configure:4086: result: yes
configure:4095: checking whether gcc accepts -g
configure:4115: gcc -c -g  conftest.c >&5
configure:4115: $? = 0
configure:4156: result: yes
configure:4173: checking for gcc option to accept ISO C89
configure:4236: gcc  -c -g -O2  conftest.c >&5
configure:4236: $? = 0
configure:4249: result: none needed
configure:4274: checking whether gcc understands -c and -o together
configure:4296: gcc -c conftest.c -o conftest2.o
configure:4299: $? = 0
configure:4296: gcc -c conftest.c -o conftest2.o
configure:4299: $? = 0
configure:4311: result: yes
configure:4339: checking for style of include used by make
configure:4367: result: GNU
configure:4393: checking dependency style of gcc
configure:4504: result: gcc3
configure:4577: checking for g++
configure:4593: found /usr/bin/g++
configure:4604: result: g++
configure:4631: checking for C++ compiler version
configure:4640: g++ --version >&5
Apple LLVM version 8.1.0 (clang-802.0.42)
Target: x86_64-apple-darwin16.7.0
Thread model: posix
InstalledDir: /Applications/Xcode.app/Contents/Developer/Toolchains/XcodeDefault.xctoolchain/usr/bin
Configured with: --prefix=/Applications/Xcode.app/Contents/Developer/usr --with-gxx-include-dir=/usr/include/c++/4.2.1
configure:4651: $? = 0
configure:4640: g++ -v >&5
Configured with: --prefix=/Applications/Xcode.app/Contents/Developer/usr --with-gxx-include-dir=/usr/include/c++/4.2.1
Apple LLVM version 8.1.0 (clang-802.0.42)
Target: x86_64-apple-darwin16.7.0
Thread model: posix
InstalledDir: /Applications/Xcode.app/Contents/Developer/Toolchains/XcodeDefault.xctoolchain/usr/bin
configure:4651: $? = 0
configure:4640: g++ -V >&5
clang: error: argument to '-V' is missing (expected 1 value)
clang: error: no input files
configure:4651: $? = 1
configure:4640: g++ -qversion >&5
clang: error: unknown argument: '-qversion'
clang: error: no input files
configure:4651: $? = 1
configure:4655: checking whether we are using the GNU C++ compiler
configure:4674: g++ -c   conftest.cpp >&5
configure:4674: $? = 0
configure:4683: result: yes
configure:4692: checking whether g++ accepts -g
configure:4712: g++ -c -g  conftest.cpp >&5
configure:4712: $? = 0
configure:4753: result: yes
configure:4778: checking dependency style of g++
configure:4889: result: gcc3
configure:4909: checking maximum warning verbosity option
configure:4947: result: -Wall -W -ansi -pedantic for C++ -Wall -W -ansi -pedantic for C
configure:4970: checking how to run the C preprocessor
configure:5001: gcc -E  conftest.c
configure:5001: $? = 0
configure:5015: gcc -E  conftest.c
conftest.c:13:10: fatal error: 'ac_nonexistent.h' file not found
#include <ac_nonexistent.h>
         ^
1 error generated.
configure:5015: $? = 1
configure: failed program was:
| /* confdefs.h */
| #define PACKAGE_NAME "swig"
| #define PACKAGE_TARNAME "swig"
| #define PACKAGE_VERSION "3.0.12"
| #define PACKAGE_STRING "swig 3.0.12"
| #define PACKAGE_BUGREPORT "http://www.swig.org"
| #define PACKAGE_URL ""
| #define PACKAGE "swig"
| #define VERSION "3.0.12"
| #define SWIG_CXX "g++"
| #define SWIG_PLATFORM "x86_64-apple-darwin16.7.0"
| /* end confdefs.h.  */
| #include <ac_nonexistent.h>
configure:5040: result: gcc -E
configure:5060: gcc -E  conftest.c
configure:5060: $? = 0
configure:5074: gcc -E  conftest.c
conftest.c:13:10: fatal error: 'ac_nonexistent.h' file not found
#include <ac_nonexistent.h>
         ^
1 error generated.
configure:5074: $? = 1
configure: failed program was:
| /* confdefs.h */
| #define PACKAGE_NAME "swig"
| #define PACKAGE_TARNAME "swig"
| #define PACKAGE_VERSION "3.0.12"
| #define PACKAGE_STRING "swig 3.0.12"
| #define PACKAGE_BUGREPORT "http://www.swig.org"
| #define PACKAGE_URL ""
| #define PACKAGE "swig"
| #define VERSION "3.0.12"
| #define SWIG_CXX "g++"
| #define SWIG_PLATFORM "x86_64-apple-darwin16.7.0"
| /* end confdefs.h.  */
| #include <ac_nonexistent.h>
configure:5103: checking for grep that handles long lines and -e
configure:5161: result: /usr/bin/grep
configure:5166: checking for egrep
configure:5228: result: /usr/bin/grep -E
configure:5233: checking for ANSI C header files
configure:5253: gcc -c -g -O2 -Wall -W -ansi -pedantic  conftest.c >&5
configure:5253: $? = 0
configure:5326: gcc -o conftest -g -O2 -Wall -W -ansi -pedantic   conftest.c  >&5
configure:5326: $? = 0
configure:5326: ./conftest
configure:5326: $? = 0
configure:5337: result: yes
configure:5356: checking for popen
configure:5356: gcc -o conftest -g -O2 -Wall -W -ansi -pedantic   conftest.c  >&5
configure:5356: $? = 0
configure:5356: result: yes
configure:5380: checking whether to enable PCRE support
configure:5382: result: yes
configure:5386: checking whether to use local PCRE
configure:5395: result: no
configure:5398: checking for a sed that does not truncate output
configure:5462: result: /usr/bin/sed
configure:5532: checking for pcre-config
configure:5550: found /usr/local/bin/pcre-config
configure:5562: result: /usr/local/bin/pcre-config
configure:5732: checking whether to enable ccache-swig
configure:5734: result: yes
configure:5756: checking for bison
configure:5772: found /usr/bin/bison
configure:5783: result: bison -y
configure:5851: checking for boostlib >= 1.20.0
configure:5934: g++ -c -g -O2 -Wall -W -ansi -pedantic  -I/usr/local/Cellar/pcre/8.41/include -I/usr/local/include conftest.cpp >&5
configure:5934: $? = 0
configure:5936: result: yes
configure:6099: ISYSTEM: -isystem 
configure:6104: checking SO
configure:6115: result: .bundle
configure:6122: checking LDSHARED
configure:6171: result: cc -bundle -undefined suppress -flat_namespace
configure:6177: checking CXXSHARED
configure:6183: result: cc -bundle -undefined suppress -flat_namespace
configure:6187: checking TRYLINKINGWITHCXX
configure:6212: result: CXXSHARED= g++ -bundle -undefined suppress -flat_namespace
configure:6216: checking CCSHARED
configure:6237: result: 
configure:6241: checking RPATH
configure:6252: result: 
configure:6258: checking LINKFORSHARED
configure:6272: result: 
configure:6276: checking PLATCFLAGS
configure:6286: result: 
configure:6297: checking whether to enable C++11 testing
configure:6299: result: no
configure:6499: checking for dlopen in -ldl
configure:6524: gcc -o conftest -g -O2 -Wall -W -ansi -pedantic  -I/usr/local/Cellar/pcre/8.41/include  conftest.c -ldl   -L/usr/local/Cellar/pcre/8.41/lib -lpcre >&5
configure:6524: $? = 0
configure:6533: result: yes
configure:6544: checking for shl_load in -ldld
configure:6569: gcc -o conftest -g -O2 -Wall -W -ansi -pedantic  -I/usr/local/Cellar/pcre/8.41/include  conftest.c -ldld  -ldl  -L/usr/local/Cellar/pcre/8.41/lib -lpcre >&5
ld: library not found for -ldld
clang: error: linker command failed with exit code 1 (use -v to see invocation)
configure:6569: $? = 1
configure: failed program was:
| /* confdefs.h */
| #define PACKAGE_NAME "swig"
| #define PACKAGE_TARNAME "swig"
| #define PACKAGE_VERSION "3.0.12"
| #define PACKAGE_STRING "swig 3.0.12"
| #define PACKAGE_BUGREPORT "http://www.swig.org"
| #define PACKAGE_URL ""
| #define PACKAGE "swig"
| #define VERSION "3.0.12"
| #define SWIG_CXX "g++"
| #define SWIG_PLATFORM "x86_64-apple-darwin16.7.0"
| #define STDC_HEADERS 1
| #define HAVE_POPEN 1
| #define HAVE_PCRE 1
| #define HAVE_BOOST /**/
| #define HAVE_LIBDL 1
| /* end confdefs.h.  */
| 
| /* Override any GCC internal prototype to avoid an error.
|    Use char because int might match the return type of a GCC
|    builtin and then its argument prototype would still apply.  */
| #ifdef __cplusplus
| extern "C"
| #endif
| char shl_load ();
| int
| main ()
| {
| return shl_load ();
|   ;
|   return 0;
| }
configure:6578: result: no
configure:6590: checking for library containing t_open
configure:6621: gcc -o conftest -g -O2 -Wall -W -ansi -pedantic  -I/usr/local/Cellar/pcre/8.41/include  conftest.c -ldl  -L/usr/local/Cellar/pcre/8.41/lib -lpcre >&5
Undefined symbols for architecture x86_64:
  "_t_open", referenced from:
      _main in conftest-31af2a.o
ld: symbol(s) not found for architecture x86_64
clang: error: linker command failed with exit code 1 (use -v to see invocation)
configure:6621: $? = 1
configure: failed program was:
| /* confdefs.h */
| #define PACKAGE_NAME "swig"
| #define PACKAGE_TARNAME "swig"
| #define PACKAGE_VERSION "3.0.12"
| #define PACKAGE_STRING "swig 3.0.12"
| #define PACKAGE_BUGREPORT "http://www.swig.org"
| #define PACKAGE_URL ""
| #define PACKAGE "swig"
| #define VERSION "3.0.12"
| #define SWIG_CXX "g++"
| #define SWIG_PLATFORM "x86_64-apple-darwin16.7.0"
| #define STDC_HEADERS 1
| #define HAVE_POPEN 1
| #define HAVE_PCRE 1
| #define HAVE_BOOST /**/
| #define HAVE_LIBDL 1
| /* end confdefs.h.  */
| 
| /* Override any GCC internal prototype to avoid an error.
|    Use char because int might match the return type of a GCC
|    builtin and then its argument prototype would still apply.  */
| #ifdef __cplusplus
| extern "C"
| #endif
| char t_open ();
| int
| main ()
| {
| return t_open ();
|   ;
|   return 0;
| }
configure:6621: gcc -o conftest -g -O2 -Wall -W -ansi -pedantic  -I/usr/local/Cellar/pcre/8.41/include  conftest.c -lnsl  -ldl  -L/usr/local/Cellar/pcre/8.41/lib -lpcre >&5
ld: library not found for -lnsl
clang: error: linker command failed with exit code 1 (use -v to see invocation)
configure:6621: $? = 1
configure: failed program was:
| /* confdefs.h */
| #define PACKAGE_NAME "swig"
| #define PACKAGE_TARNAME "swig"
| #define PACKAGE_VERSION "3.0.12"
| #define PACKAGE_STRING "swig 3.0.12"
| #define PACKAGE_BUGREPORT "http://www.swig.org"
| #define PACKAGE_URL ""
| #define PACKAGE "swig"
| #define VERSION "3.0.12"
| #define SWIG_CXX "g++"
| #define SWIG_PLATFORM "x86_64-apple-darwin16.7.0"
| #define STDC_HEADERS 1
| #define HAVE_POPEN 1
| #define HAVE_PCRE 1
| #define HAVE_BOOST /**/
| #define HAVE_LIBDL 1
| /* end confdefs.h.  */
| 
| /* Override any GCC internal prototype to avoid an error.
|    Use char because int might match the return type of a GCC
|    builtin and then its argument prototype would still apply.  */
| #ifdef __cplusplus
| extern "C"
| #endif
| char t_open ();
| int
| main ()
| {
| return t_open ();
|   ;
|   return 0;
| }
configure:6638: result: no
configure:6646: checking for library containing gethostbyname
configure:6677: gcc -o conftest -g -O2 -Wall -W -ansi -pedantic  -I/usr/local/Cellar/pcre/8.41/include  conftest.c -ldl  -L/usr/local/Cellar/pcre/8.41/lib -lpcre >&5
configure:6677: $? = 0
configure:6694: result: none required
configure:6702: checking for library containing socket
configure:6733: gcc -o conftest -g -O2 -Wall -W -ansi -pedantic  -I/usr/local/Cellar/pcre/8.41/include  conftest.c -ldl  -L/usr/local/Cellar/pcre/8.41/lib -lpcre >&5
configure:6733: $? = 0
configure:6750: result: none required
configure:6759: checking for swill_init in -lswill
configure:6784: gcc -o conftest -g -O2 -Wall -W -ansi -pedantic  -I/usr/local/Cellar/pcre/8.41/include  conftest.c -lswill  -ldl  -L/usr/local/Cellar/pcre/8.41/lib -lpcre >&5
ld: library not found for -lswill
clang: error: linker command failed with exit code 1 (use -v to see invocation)
configure:6784: $? = 1
configure: failed program was:
| /* confdefs.h */
| #define PACKAGE_NAME "swig"
| #define PACKAGE_TARNAME "swig"
| #define PACKAGE_VERSION "3.0.12"
| #define PACKAGE_STRING "swig 3.0.12"
| #define PACKAGE_BUGREPORT "http://www.swig.org"
| #define PACKAGE_URL ""
| #define PACKAGE "swig"
| #define VERSION "3.0.12"
| #define SWIG_CXX "g++"
| #define SWIG_PLATFORM "x86_64-apple-darwin16.7.0"
| #define STDC_HEADERS 1
| #define HAVE_POPEN 1
| #define HAVE_PCRE 1
| #define HAVE_BOOST /**/
| #define HAVE_LIBDL 1
| /* end confdefs.h.  */
| 
| /* Override any GCC internal prototype to avoid an error.
|    Use char because int might match the return type of a GCC
|    builtin and then its argument prototype would still apply.  */
| #ifdef __cplusplus
| extern "C"
| #endif
| char swill_init ();
| int
| main ()
| {
| return swill_init ();
|   ;
|   return 0;
| }
configure:6793: result: no
configure:6815: checking for main in -lieee
configure:6834: gcc -o conftest -g -O2 -Wall -W -ansi -pedantic  -I/usr/local/Cellar/pcre/8.41/include  conftest.c -lieee  -ldl  -L/usr/local/Cellar/pcre/8.41/lib -lpcre >&5
conftest.c:22:1: warning: all paths through this function will call itself [-Winfinite-recursion]
{
^
1 warning generated.
ld: library not found for -lieee
clang: error: linker command failed with exit code 1 (use -v to see invocation)
configure:6834: $? = 1
configure: failed program was:
| /* confdefs.h */
| #define PACKAGE_NAME "swig"
| #define PACKAGE_TARNAME "swig"
| #define PACKAGE_VERSION "3.0.12"
| #define PACKAGE_STRING "swig 3.0.12"
| #define PACKAGE_BUGREPORT "http://www.swig.org"
| #define PACKAGE_URL ""
| #define PACKAGE "swig"
| #define VERSION "3.0.12"
| #define SWIG_CXX "g++"
| #define SWIG_PLATFORM "x86_64-apple-darwin16.7.0"
| #define STDC_HEADERS 1
| #define HAVE_POPEN 1
| #define HAVE_PCRE 1
| #define HAVE_BOOST /**/
| #define HAVE_LIBDL 1
| /* end confdefs.h.  */
| 
| 
| int
| main ()
| {
| return main ();
|   ;
|   return 0;
| }
configure:6843: result: no
configure:6849: checking for crypt in -lcrypt
configure:6874: gcc -o conftest -g -O2 -Wall -W -ansi -pedantic  -I/usr/local/Cellar/pcre/8.41/include  conftest.c -lcrypt  -ldl  -L/usr/local/Cellar/pcre/8.41/lib -lpcre >&5
ld: library not found for -lcrypt
clang: error: linker command failed with exit code 1 (use -v to see invocation)
configure:6874: $? = 1
configure: failed program was:
| /* confdefs.h */
| #define PACKAGE_NAME "swig"
| #define PACKAGE_TARNAME "swig"
| #define PACKAGE_VERSION "3.0.12"
| #define PACKAGE_STRING "swig 3.0.12"
| #define PACKAGE_BUGREPORT "http://www.swig.org"
| #define PACKAGE_URL ""
| #define PACKAGE "swig"
| #define VERSION "3.0.12"
| #define SWIG_CXX "g++"
| #define SWIG_PLATFORM "x86_64-apple-darwin16.7.0"
| #define STDC_HEADERS 1
| #define HAVE_POPEN 1
| #define HAVE_PCRE 1
| #define HAVE_BOOST /**/
| #define HAVE_LIBDL 1
| /* end confdefs.h.  */
| 
| /* Override any GCC internal prototype to avoid an error.
|    Use char because int might match the return type of a GCC
|    builtin and then its argument prototype would still apply.  */
| #ifdef __cplusplus
| extern "C"
| #endif
| char crypt ();
| int
| main ()
| {
| return crypt ();
|   ;
|   return 0;
| }
configure:6883: result: no
configure:6925: checking for pkg-config
configure:6941: found /usr/local/bin/pkg-config
configure:6952: result: pkg-config
configure:7013: checking for Tcl configuration
configure:7039: result: found /usr/lib/tclConfig.sh
configure:7062: checking for Tcl header files
configure:7091: result: -isystem /System/Library/Frameworks/Tcl.framework/Versions/8.5/Headers
configure:7095: checking for Tcl library
configure:7112: result: -F/System/Library/Frameworks -framework Tcl
configure:7170: checking for python
configure:7186: found /usr/bin/python
configure:7197: result: python
configure:7214: checking for python major version number
configure:7217: result: 2
configure:7222: checking for Python os.name
configure:7225: result: posix
configure:7231: checking for Python prefix
configure:7234: result: /System/Library/Frameworks/Python.framework/Versions/2.7
configure:7236: checking for Python exec-prefix
configure:7239: result: /System/Library/Frameworks/Python.framework/Versions/2.7
configure:7270: checking for Python version
configure:7276: result: python2.7
configure:7281: checking for Python lib dir
configure:7288: result: lib
configure:7293: checking for Python header files
configure:7303: result: -I/System/Library/Frameworks/Python.framework/Versions/2.7/include/python2.7 -I/System/Library/Frameworks/Python.framework/Versions/2.7/lib/python2.7/config
configure:7307: checking for Python library directory
configure:7324: result: /System/Library/Frameworks/Python.framework/Versions/2.7/lib/python2.7/config
configure:7327: checking for Python library
configure:7333: result: -lpython2.7
configure:7389: checking for python3
configure:7419: result: no
configure:7389: checking for python3.9
configure:7419: result: no
configure:7389: checking for python3.8
configure:7419: result: no
configure:7389: checking for python3.7
configure:7419: result: no
configure:7389: checking for python3.6
configure:7419: result: no
configure:7389: checking for python3.5
configure:7419: result: no
configure:7389: checking for python3.4
configure:7419: result: no
configure:7389: checking for python3.3
configure:7419: result: no
configure:7389: checking for python3.2
configure:7419: result: no
configure:7389: checking for python3.1
configure:7419: result: no
configure:7389: checking for python3.0
configure:7419: result: no
configure:7389: checking for python
configure:7405: found /usr/bin/python
configure:7416: result: python
configure:7432: checking for python-config
configure:7448: found /usr/bin/python-config
configure:7459: result: python-config
configure:7523: checking for python major version number
configure:7526: result: 2
configure:7682: checking for pep8
configure:7712: result: no
configure:7758: checking for perl
configure:7774: found /usr/bin/perl
configure:7785: result: perl
configure:7803: checking for Perl5 header files
configure:7812: result: /System/Library/Perl/5.18/darwin-thread-multi-2level/CORE
configure:7824: checking for Perl5 library
configure:7831: result: perl
configure:7834: checking for Perl5 ccflags
configure:7841: result: -arch x86_64 -arch i386 -g -pipe -fno-common -DPERL_DARWIN -fno-strict-aliasing -fstack-protector
configure:7844: checking for Perl5 ccdlflags
configure:7851: result:  
configure:7854: checking for Perl5 cccdlflags
configure:7861: result:  
configure:7864: checking for Perl5 ldflags
configure:7871: result: -arch x86_64 -arch i386 -fstack-protector
configure:7874: checking for Perl5 Test::More module
configure:7881: result: found
configure:7936: checking for octave-cli
configure:7969: result: no
configure:8144: checking for scilab
configure:8174: result: no
configure:8314: checking for java JDK
configure:8338: result: found (in /Library/Java/JavaVirtualMachines/jdk-9.0.4.jdk/Contents/Home)
configure:8454: checking for java include file jni.h
configure:8498: result: -I"/System/Library/Frameworks/JavaVM.framework/Headers"
configure:8501: checking for java include file jni_md.h
configure:8509: result: -I"/System/Library/Frameworks/JavaVM.framework/Headers"
configure:8634: checking for nodejs
configure:8664: result: no
configure:8634: checking for node
configure:8664: result: no
configure:8727: checking for JavaScriptCore/JavaScript.h
configure:8758: result: /System/Library/Frameworks/JavaScriptCore.framework/Headers/
configure:8782: checking for JavaScriptCore/Webkit library
configure:8789: result: not found
configure:8805: checking for V8 Javascript v8.h
configure:8838: result: not found
configure:8846: checking for V8 Javascript library
configure:8867: result: not found
configure:8938: checking for gcj
configure:8968: result: no
configure:8985: checking for gcjh
configure:9015: result: no
configure:9079: checking for android
configure:9109: result: no
configure:9126: checking for adb
configure:9156: result: no
configure:9173: checking for ant
configure:9203: result: no
configure:9220: checking for ndk-build
configure:9250: result: no
configure:9316: checking for guile-config
configure:9334: found /usr/local/bin/guile-config
configure:9346: result: /usr/local/bin/guile-config
configure:9357: checking for guile bindir
configure:9360: result: /usr/local/Cellar/guile/2.2.3_1/bin
configure:9409: checking for guile version
configure:9412: result: 2.2
configure:9414: checking for guile version >= 1.8
configure:9417: result: yes
configure:9425: checking for guile compile flags
configure:9428: result: -D_THREAD_SAFE -I/usr/local/Cellar/guile/2.2.3_1/include/guile/2.2 -I/usr/local/opt/gmp/include -I/usr/local/opt/readline/include -I/usr/local/Cellar/bdw-gc/7.6.4/include
configure:9433: checking for guile link flags
configure:9436: result: -L/usr/local/Cellar/guile/2.2.3_1/lib -L/usr/local/Cellar/bdw-gc/7.6.4/lib -lguile-2.2 -lgc
configure:9476: checking for mzscheme
configure:9509: result: no
configure:9521: checking for mzc
configure:9554: result: no
configure:9613: checking for ruby
configure:9629: found /usr/bin/ruby
configure:9640: result: ruby
configure:9655: checking for Ruby header files
configure:9678: result: -I/System/Library/Frameworks/Ruby.framework/Versions/2.0/usr/include/ruby-2.0.0 -I/System/Library/Frameworks/Ruby.framework/Versions/2.0/usr/include/ruby-2.0.0/universal-darwin16
configure:9689: checking for Ruby library
configure:9735: result: not found... using /System/Library/Frameworks/Ruby.framework/Versions/2.0/usr/include/ruby-2.0.0
configure:9797: checking for php5
configure:9827: result: no
configure:9797: checking for php
configure:9813: found /usr/bin/php
configure:9824: result: php
configure:9840: checking for PHP5 header files
configure:9853: result: -I/usr/include/php -I/usr/include/php/main -I/usr/include/php/TSRM -I/usr/include/php/Zend -I/usr/include/php/ext -I/usr/include/php/ext/date/lib
configure:9898: checking for php7.1
configure:9928: result: no
configure:9898: checking for php7.0
configure:9928: result: no
configure:9898: checking for php
configure:9914: found /usr/bin/php
configure:9925: result: php
configure:9941: checking for PHP header files
configure:9965: result: found PHP 5.6.30 - not PHP 7
configure:10032: checking for Ocaml DL load generator
configure:10039: checking for ocamldlgen
configure:10069: result: no
configure:10079: checking for Ocaml package tool
configure:10086: checking for ocamlfind
configure:10116: result: no
configure:10126: checking for Ocaml compiler
configure:10133: checking for ocamlc
configure:10163: result: no
configure:10173: checking for Ocaml toplevel creator
configure:10180: checking for ocamlmktop
configure:10210: result: no
configure:10220: checking for Ocaml Pre-Processor-Pretty-Printer
configure:10227: checking for camlp4
configure:10257: result: no
configure:10302: checking for pike
configure:10332: result: no
configure:10302: checking for pike7.8
configure:10332: result: no
configure:10302: checking for pike7.6
configure:10332: result: no
configure:10302: checking for pike7.4
configure:10332: result: no
configure:10302: checking for pike7.2
configure:10332: result: no
configure:10471: checking for chicken
configure:10501: result: no
configure:10527: checking for csc
configure:10557: result: no
configure:10594: checking for csi
configure:10624: result: no
configure:10860: checking for mono-csc
configure:10890: result: no
configure:10860: checking for gmcs
configure:10890: result: no
configure:10860: checking for mcs
configure:10890: result: no
configure:10860: checking for cscc
configure:10890: result: no
configure:11119: checking for lua5.4
configure:11152: result: no
configure:11119: checking for lua5.3
configure:11137: found /usr/local/bin/lua5.3
configure:11149: result: /usr/local/bin/lua5.3
configure:11164: checking Lua version
configure:11179: result: Lua 5.1 or later
configure:11185: checking whether Lua dynamic loading is enabled
configure:11199: result: yes
configure:11238: checking for sys/types.h
configure:11238: gcc -c   -I/usr/local/Cellar/pcre/8.41/include conftest.c >&5
configure:11238: $? = 0
configure:11238: result: yes
configure:11238: checking for sys/stat.h
configure:11238: gcc -c   -I/usr/local/Cellar/pcre/8.41/include conftest.c >&5
configure:11238: $? = 0
configure:11238: result: yes
configure:11238: checking for stdlib.h
configure:11238: gcc -c   -I/usr/local/Cellar/pcre/8.41/include conftest.c >&5
configure:11238: $? = 0
configure:11238: result: yes
configure:11238: checking for string.h
configure:11238: gcc -c   -I/usr/local/Cellar/pcre/8.41/include conftest.c >&5
configure:11238: $? = 0
configure:11238: result: yes
configure:11238: checking for memory.h
configure:11238: gcc -c   -I/usr/local/Cellar/pcre/8.41/include conftest.c >&5
configure:11238: $? = 0
configure:11238: result: yes
configure:11238: checking for strings.h
configure:11238: gcc -c   -I/usr/local/Cellar/pcre/8.41/include conftest.c >&5
configure:11238: $? = 0
configure:11238: result: yes
configure:11238: checking for inttypes.h
configure:11238: gcc -c   -I/usr/local/Cellar/pcre/8.41/include conftest.c >&5
configure:11238: $? = 0
configure:11238: result: yes
configure:11238: checking for stdint.h
configure:11238: gcc -c   -I/usr/local/Cellar/pcre/8.41/include conftest.c >&5
configure:11238: $? = 0
configure:11238: result: yes
configure:11238: checking for unistd.h
configure:11238: gcc -c   -I/usr/local/Cellar/pcre/8.41/include conftest.c >&5
configure:11238: $? = 0
configure:11238: result: yes
configure:11250: checking lua.h usability
configure:11250: gcc -c   -I/usr/local/Cellar/pcre/8.41/include conftest.c >&5
configure:11250: $? = 0
configure:11250: result: yes
configure:11250: checking lua.h presence
configure:11250: gcc -E  -I/usr/local/Cellar/pcre/8.41/include conftest.c
configure:11250: $? = 0
configure:11250: result: yes
configure:11250: checking for lua.h
configure:11250: result: yes
configure:11314: checking for library containing lua_close
configure:11345: gcc -o conftest -g -O2 -Wall -W -ansi -pedantic  -I/usr/local/Cellar/pcre/8.41/include  conftest.c -ldl  -L/usr/local/Cellar/pcre/8.41/lib -lpcre >&5
Undefined symbols for architecture x86_64:
  "_lua_close", referenced from:
      _main in conftest-5fd5bf.o
ld: symbol(s) not found for architecture x86_64
clang: error: linker command failed with exit code 1 (use -v to see invocation)
configure:11345: $? = 1
configure: failed program was:
| /* confdefs.h */
| #define PACKAGE_NAME "swig"
| #define PACKAGE_TARNAME "swig"
| #define PACKAGE_VERSION "3.0.12"
| #define PACKAGE_STRING "swig 3.0.12"
| #define PACKAGE_BUGREPORT "http://www.swig.org"
| #define PACKAGE_URL ""
| #define PACKAGE "swig"
| #define VERSION "3.0.12"
| #define SWIG_CXX "g++"
| #define SWIG_PLATFORM "x86_64-apple-darwin16.7.0"
| #define STDC_HEADERS 1
| #define HAVE_POPEN 1
| #define HAVE_PCRE 1
| #define HAVE_BOOST /**/
| #define HAVE_LIBDL 1
| #define HAVE_SYS_TYPES_H 1
| #define HAVE_SYS_STAT_H 1
| #define HAVE_STDLIB_H 1
| #define HAVE_STRING_H 1
| #define HAVE_MEMORY_H 1
| #define HAVE_STRINGS_H 1
| #define HAVE_INTTYPES_H 1
| #define HAVE_STDINT_H 1
| #define HAVE_UNISTD_H 1
| /* end confdefs.h.  */
| 
| /* Override any GCC internal prototype to avoid an error.
|    Use char because int might match the return type of a GCC
|    builtin and then its argument prototype would still apply.  */
| #ifdef __cplusplus
| extern "C"
| #endif
| char lua_close ();
| int
| main ()
| {
| return lua_close ();
|   ;
|   return 0;
| }
configure:11345: gcc -o conftest -g -O2 -Wall -W -ansi -pedantic  -I/usr/local/Cellar/pcre/8.41/include  conftest.c -llua  -ldl  -L/usr/local/Cellar/pcre/8.41/lib -lpcre >&5
configure:11345: $? = 0
configure:11362: result: -llua
configure:11415: checking for alisp
configure:11448: result: no
configure:11484: checking for clisp
configure:11517: result: no
configure:11553: checking for R
configure:11586: result: no
configure:11630: checking for go
configure:11660: result: no
configure:11736: checking for gccgo
configure:11766: result: no
configure:11895: checking for dmd
configure:11925: result: no
configure:11895: checking for ldmd
configure:11925: result: no
configure:11895: checking for gdmd
configure:11925: result: no
configure:11980: checking for dmd
configure:12010: result: no
configure:11980: checking for gdmd
configure:12010: result: no
configure:12502: checking that generated files are newer than configure
configure:12508: result: done
configure:12535: creating ./config.status

## ---------------------- ##
## Running config.status. ##
## ---------------------- ##

This file was extended by swig config.status 3.0.12, which was
generated by GNU Autoconf 2.69.  Invocation command line was

  CONFIG_FILES    = 
  CONFIG_HEADERS  = 
  CONFIG_LINKS    = 
  CONFIG_COMMANDS = 
  $ ./config.status 

on liuqiangdeMacBook-Air.local

config.status:1104: creating Makefile
config.status:1104: creating swig.spec
config.status:1104: creating Examples/Makefile
config.status:1104: creating Examples/d/example.mk
config.status:1104: creating Examples/xml/Makefile
config.status:1104: creating Examples/test-suite/errors/Makefile
config.status:1104: creating Examples/test-suite/chicken/Makefile
config.status:1104: creating Examples/test-suite/csharp/Makefile
config.status:1104: creating Examples/test-suite/d/Makefile
config.status:1104: creating Examples/test-suite/guile/Makefile
config.status:1104: creating Examples/test-suite/java/Makefile
config.status:1104: creating Examples/test-suite/javascript/Makefile
config.status:1104: creating Examples/test-suite/mzscheme/Makefile
config.status:1104: creating Examples/test-suite/ocaml/Makefile
config.status:1104: creating Examples/test-suite/octave/Makefile
config.status:1104: creating Examples/test-suite/perl5/Makefile
config.status:1104: creating Examples/test-suite/php/Makefile
config.status:1104: creating Examples/test-suite/php5/Makefile
config.status:1104: creating Examples/test-suite/pike/Makefile
config.status:1104: creating Examples/test-suite/python/Makefile
config.status:1104: creating Examples/test-suite/ruby/Makefile
config.status:1104: creating Examples/test-suite/scilab/Makefile
config.status:1104: creating Examples/test-suite/tcl/Makefile
config.status:1104: creating Examples/test-suite/lua/Makefile
config.status:1104: creating Examples/test-suite/allegrocl/Makefile
config.status:1104: creating Examples/test-suite/clisp/Makefile
config.status:1104: creating Examples/test-suite/cffi/Makefile
config.status:1104: creating Examples/test-suite/uffi/Makefile
config.status:1104: creating Examples/test-suite/r/Makefile
config.status:1104: creating Examples/test-suite/go/Makefile
config.status:1104: creating Source/Makefile
config.status:1104: creating Tools/javascript/Makefile
config.status:1104: creating preinst-swig
config.status:1104: creating CCache/ccache_swig_config.h
config.status:1104: creating Source/Include/swigconfig.h
config.status:1333: executing depfiles commands
config.status:1333: executing Examples commands
configure:13977: === configuring in CCache (/Users/liuqiang/Desktop/liuqiang/swig-3.0.12/CCache)
configure:14040: running /bin/sh ./configure --disable-option-checking '--prefix=/usr/local'  --cache-file=/dev/null --srcdir=.

## ---------------- ##
## Cache variables. ##
## ---------------- ##

ac_cv_build=x86_64-apple-darwin16.7.0
ac_cv_c_compiler_gnu=yes
ac_cv_cxx_compiler_gnu=yes
ac_cv_env_CCC_set=
ac_cv_env_CCC_value=
ac_cv_env_CC_set=
ac_cv_env_CC_value=
ac_cv_env_CFLAGS_set=
ac_cv_env_CFLAGS_value=
ac_cv_env_CPPFLAGS_set=
ac_cv_env_CPPFLAGS_value=
ac_cv_env_CPP_set=
ac_cv_env_CPP_value=
ac_cv_env_CXXFLAGS_set=
ac_cv_env_CXXFLAGS_value=
ac_cv_env_CXX_set=
ac_cv_env_CXX_value=
ac_cv_env_LDFLAGS_set=
ac_cv_env_LDFLAGS_value=
ac_cv_env_LIBS_set=
ac_cv_env_LIBS_value=
ac_cv_env_PCRE_CFLAGS_set=
ac_cv_env_PCRE_CFLAGS_value=
ac_cv_env_PCRE_CONFIG_set=
ac_cv_env_PCRE_CONFIG_value=
ac_cv_env_PCRE_LIBS_set=
ac_cv_env_PCRE_LIBS_value=
ac_cv_env_YACC_set=
ac_cv_env_YACC_value=
ac_cv_env_YFLAGS_set=
ac_cv_env_YFLAGS_value=
ac_cv_env_build_alias_set=
ac_cv_env_build_alias_value=
ac_cv_env_host_alias_set=
ac_cv_env_host_alias_value=
ac_cv_env_target_alias_set=
ac_cv_env_target_alias_value=
ac_cv_func_popen=yes
ac_cv_header_inttypes_h=yes
ac_cv_header_lua_h=yes
ac_cv_header_memory_h=yes
ac_cv_header_stdc=yes
ac_cv_header_stdint_h=yes
ac_cv_header_stdlib_h=yes
ac_cv_header_string_h=yes
ac_cv_header_strings_h=yes
ac_cv_header_sys_stat_h=yes
ac_cv_header_sys_types_h=yes
ac_cv_header_unistd_h=yes
ac_cv_host=x86_64-apple-darwin16.7.0
ac_cv_lib_crypt_crypt=no
ac_cv_lib_dl_dlopen=yes
ac_cv_lib_dld_shl_load=no
ac_cv_lib_ieee_main=no
ac_cv_lib_swill_swill_init=no
ac_cv_objext=o
ac_cv_path_EGREP='/usr/bin/grep -E'
ac_cv_path_GREP=/usr/bin/grep
ac_cv_path_GUILE_CONFIG=/usr/local/bin/guile-config
ac_cv_path_LUABIN=/usr/local/bin/lua5.3
ac_cv_path_PCRE_CONFIG=/usr/local/bin/pcre-config
ac_cv_path_SED=/usr/bin/sed
ac_cv_path_install='/usr/bin/install -c'
ac_cv_prog_AWK=awk
ac_cv_prog_CPP='gcc -E'
ac_cv_prog_PERL=perl
ac_cv_prog_PHP5=php
ac_cv_prog_PHP=php
ac_cv_prog_PKGCONFIG=pkg-config
ac_cv_prog_PY3CONFIG=python-config
ac_cv_prog_PYTHON3=python
ac_cv_prog_PYTHON=python
ac_cv_prog_RUBY=ruby
ac_cv_prog_YACC='bison -y'
ac_cv_prog_ac_ct_CC=gcc
ac_cv_prog_ac_ct_CXX=g++
ac_cv_prog_cc_c89=
ac_cv_prog_cc_g=yes
ac_cv_prog_cxx_g=yes
ac_cv_prog_make_make_set=yes
ac_cv_search_gethostbyname='none required'
ac_cv_search_lua_close=-llua
ac_cv_search_socket='none required'
ac_cv_search_t_open=no
am_cv_CC_dependencies_compiler_type=gcc3
am_cv_CXX_dependencies_compiler_type=gcc3
am_cv_make_support_nested_variables=yes
am_cv_prog_cc_c_o=yes

## ----------------- ##
## Output variables. ##
## ----------------- ##

ACLOCAL='${SHELL} /Users/liuqiang/Desktop/liuqiang/swig-3.0.12/Tools/config/missing aclocal-1.15'
ADB=''
ALLEGROCLBIN=''
AMDEPBACKSLASH='\'
AMDEP_FALSE='#'
AMDEP_TRUE=''
AMTAR='$${TAR-tar}'
AM_BACKSLASH='\'
AM_DEFAULT_V='$(AM_DEFAULT_VERBOSITY)'
AM_DEFAULT_VERBOSITY='1'
AM_V='$(V)'
ANDROID=''
ANT=''
AUTOCONF='${SHELL} /Users/liuqiang/Desktop/liuqiang/swig-3.0.12/Tools/config/missing autoconf'
AUTOHEADER='${SHELL} /Users/liuqiang/Desktop/liuqiang/swig-3.0.12/Tools/config/missing autoheader'
AUTOMAKE='${SHELL} /Users/liuqiang/Desktop/liuqiang/swig-3.0.12/Tools/config/missing automake-1.15'
AWK='awk'
BOOST_CPPFLAGS='-I/usr/local/include'
BOOST_LDFLAGS='-L/usr/local/lib'
CAMLP4=''
CC='gcc'
CCDEPMODE='depmode=gcc3'
CCSHARED=''
CFLAGS='-g -O2 -Wall -W -ansi -pedantic'
CHICKEN=''
CHICKENLIB=''
CHICKENOPTS=''
CHICKENSHAREDLIB=''
CHICKEN_CSC=''
CHICKEN_CSI=''
CLISPBIN=''
CPP='gcc -E'
CPPFLAGS=' -I/usr/local/Cellar/pcre/8.41/include'
CSHARPCFLAGS=''
CSHARPCILINTERPRETER=''
CSHARPCILINTERPRETER_FLAGS=''
CSHARPCOMPILER=''
CSHARPCONVERTPATH='Tools/convertpath -u'
CSHARPDYNAMICLINKING=''
CSHARPLIBRARYPREFIX='lib'
CSHARPSO='.so'
CXX='g++'
CXXDEPMODE='depmode=gcc3'
CXXFLAGS='-g -O2 -Wall -W -ansi -pedantic'
CXXSHARED='cc -bundle -undefined suppress -flat_namespace'
CYGPATH_W='echo'
D1COMPILER=''
D2COMPILER=''
DDEFAULTVERSION=''
DEFS='-DHAVE_CONFIG_H'
DEPDIR='.deps'
DLIBPREFIX='lib'
ECHO_C='\c'
ECHO_N=''
ECHO_T=''
EGREP='/usr/bin/grep -E'
ENABLE_CCACHE='1'
EXEEXT=''
EXTRA_CLEAN=''
GCCGO=''
GCCGOOPT=''
GCJ=''
GCJH=''
GO12='false'
GO13='false'
GO15='false'
GO1='false'
GO=''
GOC=''
GOGCC='false'
GOOPT=''
GOVERSIONOPTION=''
GREP='/usr/bin/grep'
GUILE='/usr/local/Cellar/guile/2.2.3_1/bin/guile'
GUILE_CFLAGS='-D_THREAD_SAFE -I/usr/local/Cellar/guile/2.2.3_1/include/guile/2.2 -I/usr/local/opt/gmp/include -I/usr/local/opt/readline/include -I/usr/local/Cellar/bdw-gc/7.6.4/include'
GUILE_CONFIG='/usr/local/bin/guile-config'
GUILE_LIBS='-L/usr/local/Cellar/guile/2.2.3_1/lib -L/usr/local/Cellar/bdw-gc/7.6.4/lib -lguile-2.2 -lgc'
GUILE_SO='.so'
HAVE_CXX11_COMPILER=''
INSTALL_DATA='${INSTALL} -m 644'
INSTALL_PROGRAM='${INSTALL}'
INSTALL_SCRIPT='${INSTALL}'
INSTALL_STRIP_PROGRAM='$(install_sh) -c -s'
JAVA='"/Library/Java/JavaVirtualMachines/jdk-9.0.4.jdk/Contents/Home/bin/java"'
JAVAC='"/Library/Java/JavaVirtualMachines/jdk-9.0.4.jdk/Contents/Home/bin/javac"'
JAVACFLAGS=''
JAVACXXSHARED='$(CXX)'
JAVADYNAMICLINKING='-dynamiclib -framework JavaVM'
JAVAFLAGS=''
JAVAINC='-I"/System/Library/Frameworks/JavaVM.framework/Headers" -I"/System/Library/Frameworks/JavaVM.framework/Headers"'
JAVALDSHARED='$(CC)'
JAVALIBRARYPREFIX='lib'
JAVASO='.jnilib'
JSCENABLED=''
JSCOREDYNAMICLINKING=''
JSCOREINC='-I"/System/Library/Frameworks/JavaScriptCore.framework/Headers/"'
JSCOREVERSION=''
JSINTERPRETERCXX='c++'
JSINTERPRETERLINKFLAGS='-g -Wl,-search_paths_first -Wl,-headerpad_max_install_names'
JSV8DYNAMICLINKING=''
JSV8ENABLED=''
JSV8INC=''
LDFLAGS=''
LDSHARED='cc -bundle -undefined suppress -flat_namespace'
LIBC=''
LIBCRYPT=''
LIBM='-lm'
LIBOBJS=''
LIBS='-ldl  -L/usr/local/Cellar/pcre/8.41/lib -lpcre'
LINKFORSHARED=''
LTLIBOBJS=''
LUABIN='/usr/local/bin/lua5.3'
LUADYNAMICLINKING=''
LUAFLAGS=''
LUALINK='-llua'
LUA_SO='.so'
MAKEINFO='${SHELL} /Users/liuqiang/Desktop/liuqiang/swig-3.0.12/Tools/config/missing makeinfo'
MKDIR_P='Tools/config/install-sh -c -d'
MZC=''
MZDYNOBJ=''
MZSCHEME=''
MZSCHEME_SO='.so'
NDKBUILD=''
NODEGYP=''
NODEJS=''
OBJEXT='o'
OCAMLC=''
OCAMLDLGEN=''
OCAMLFIND=''
OCAMLMKTOP=''
OCTAVE=''
OCTAVE_CPPFLAGS=''
OCTAVE_CXXFLAGS=''
OCTAVE_LDFLAGS=''
OCTAVE_SO='.oct'
PACKAGE='swig'
PACKAGE_BUGREPORT='http://www.swig.org'
PACKAGE_NAME='swig'
PACKAGE_STRING='swig 3.0.12'
PACKAGE_TARNAME='swig'
PACKAGE_URL=''
PACKAGE_VERSION='3.0.12'
PATH_SEPARATOR=':'
PCRE_CFLAGS='-I/usr/local/Cellar/pcre/8.41/include'
PCRE_CONFIG='/usr/local/bin/pcre-config'
PCRE_LIBS='-L/usr/local/Cellar/pcre/8.41/lib -lpcre'
PEP8=''
PERL5CCCDLFLAGS=' '
PERL5CCDLFLAGS=' '
PERL5CCFLAGS='-arch x86_64 -arch i386 -g -pipe -fno-common -DPERL_DARWIN -fno-strict-aliasing -fstack-protector'
PERL5DYNAMICLINKING=''
PERL5EXT='/System/Library/Perl/5.18/darwin-thread-multi-2level/CORE'
PERL5LDFLAGS='-arch x86_64 -arch i386 -fstack-protector'
PERL5LIB='perl'
PERL='perl'
PHP5='php'
PHP5INC='-I/usr/include/php -I/usr/include/php/main -I/usr/include/php/TSRM -I/usr/include/php/Zend -I/usr/include/php/ext -I/usr/include/php/ext/date/lib'
PHP5_SO='.so'
PHP='php'
PHPINC=''
PHP_SO='.so'
PIKE=''
PIKECCDLFLAGS=''
PIKECONFIG=''
PIKEDYNAMICLINKING=''
PIKEINCLUDE=''
PKGCONFIG='pkg-config'
PLATCFLAGS=''
PLATCXXFLAGS=''
PY3CONFIG='python-config'
PY3INCLUDE=''
PY3LIB=''
PY3LINK=''
PYINCLUDE='-I/System/Library/Frameworks/Python.framework/Versions/2.7/include/python2.7 -I/System/Library/Frameworks/Python.framework/Versions/2.7/lib/python2.7/config'
PYLIB='/System/Library/Frameworks/Python.framework/Versions/2.7/lib/python2.7/config'
PYLINK='-lpython2.7'
PYTHON3='python'
PYTHON3DYNAMICLINKING=''
PYTHON='python'
PYTHONDYNAMICLINKING=''
PYTHON_SO='.so'
RBIN=''
ROOT_DIR='/Users/liuqiang/Desktop/liuqiang/swig-3.0.12'
RPATH=''
RUBY='ruby'
RUBYCCDLFLAGS=''
RUBYDYNAMICLINKING=''
RUBYINCLUDE='-I/System/Library/Frameworks/Ruby.framework/Versions/2.0/usr/include/ruby-2.0.0 -I/System/Library/Frameworks/Ruby.framework/Versions/2.0/usr/include/ruby-2.0.0/universal-darwin16'
RUBYLIB='/System/Library/Frameworks/Ruby.framework/Versions/2.0/usr/include/ruby-2.0.0'
RUBYLINK='-lruby.2.0.0 -lpthread -ldl -lobjc'
RUBYSO='.bundle'
SCILAB=''
SCILABINCLUDE=''
SCILABOPT=''
SED='/usr/bin/sed'
SET_MAKE=''
SHELL='/bin/sh'
SKIP_ALLEGROCL='1'
SKIP_ANDROID='1'
SKIP_CFFI='1'
SKIP_CHICKEN='1'
SKIP_CLISP='1'
SKIP_CSHARP='1'
SKIP_D='1'
SKIP_GCJ='1'
SKIP_GO='1'
SKIP_GUILE=''
SKIP_JAVA=''
SKIP_JAVASCRIPT='1'
SKIP_LUA=''
SKIP_MODULA3='1'
SKIP_MZSCHEME='1'
SKIP_OCAML='1'
SKIP_OCTAVE='1'
SKIP_PERL5=''
SKIP_PHP5=''
SKIP_PHP='1'
SKIP_PIKE='1'
SKIP_PYTHON3='1'
SKIP_PYTHON=''
SKIP_R='1'
SKIP_RUBY=''
SKIP_SCILAB='1'
SKIP_TCL=''
SKIP_UFFI='1'
SO='.bundle'
STRIP=''
SWIGLIBS=''
SWIG_LIB='/usr/local/share/swig/3.0.12'
SWIG_LIB_INSTALL='${datarootdir}/swig/3.0.12'
SWIG_LIB_PREINST='/Users/liuqiang/Desktop/liuqiang/swig-3.0.12/Lib'
SWIG_LIB_SET='env SWIG_LIB=$(SWIG_LIB_DIR)'
SWILL=''
TCLCXXSHARED='$(CXX) -dynamiclib -undefined suppress -flat_namespace'
TCLDYNAMICLINKING=''
TCLINCLUDE='-isystem /System/Library/Frameworks/Tcl.framework/Versions/8.5/Headers'
TCLLDSHARED='$(CC) -dynamiclib -undefined suppress -flat_namespace'
TCLLIB='-F/System/Library/Frameworks -framework Tcl'
TCL_SO='.dylib'
TRYLINKINGWITHCXX='CXXSHARED= g++ -bundle -undefined suppress -flat_namespace'
VERSION='3.0.12'
YACC='bison -y'
YFLAGS=''
ac_aux_dir='Tools/config'
ac_ct_CC='gcc'
ac_ct_CXX='g++'
am__EXEEXT_FALSE=''
am__EXEEXT_TRUE='#'
am__fastdepCC_FALSE='#'
am__fastdepCC_TRUE=''
am__fastdepCXX_FALSE='#'
am__fastdepCXX_TRUE=''
am__include='include'
am__isrc=''
am__leading_dot='.'
am__nodep='_no'
am__quote=''
am__tar='$${TAR-tar} chof - "$$tardir"'
am__untar='$${TAR-tar} xf -'
bindir='${exec_prefix}/bin'
build='x86_64-apple-darwin16.7.0'
build_alias=''
build_cpu='x86_64'
build_os='darwin16.7.0'
build_vendor='apple'
datadir='${datarootdir}'
datarootdir='${prefix}/share'
docdir='${datarootdir}/doc/${PACKAGE_TARNAME}'
dvidir='${docdir}'
exec_prefix='${prefix}'
host='x86_64-apple-darwin16.7.0'
host_alias=''
host_cpu='x86_64'
host_os='darwin16.7.0'
host_vendor='apple'
htmldir='${docdir}'
includedir='${prefix}/include'
infodir='${datarootdir}/info'
install_sh='${SHELL} /Users/liuqiang/Desktop/liuqiang/swig-3.0.12/Tools/config/install-sh'
libdir='${exec_prefix}/lib'
libexecdir='${exec_prefix}/libexec'
localedir='${datarootdir}/locale'
localstatedir='${prefix}/var'
mandir='${datarootdir}/man'
mkdir_p='$(MKDIR_P)'
oldincludedir='/usr/include'
pdfdir='${docdir}'
prefix='/usr/local'
program_transform_name='s,x,x,'
psdir='${docdir}'
runstatedir='${localstatedir}/run'
sbindir='${exec_prefix}/sbin'
sharedstatedir='${prefix}/com'
subdirs=' CCache'
sysconfdir='${prefix}/etc'
target_alias=''

## ----------- ##
## confdefs.h. ##
## ----------- ##

/* confdefs.h */
#define PACKAGE_NAME "swig"
#define PACKAGE_TARNAME "swig"
#define PACKAGE_VERSION "3.0.12"
#define PACKAGE_STRING "swig 3.0.12"
#define PACKAGE_BUGREPORT "http://www.swig.org"
#define PACKAGE_URL ""
#define PACKAGE "swig"
#define VERSION "3.0.12"
#define SWIG_CXX "g++"
#define SWIG_PLATFORM "x86_64-apple-darwin16.7.0"
#define STDC_HEADERS 1
#define HAVE_POPEN 1
#define HAVE_PCRE 1
#define HAVE_BOOST /**/
#define HAVE_LIBDL 1
#define HAVE_SYS_TYPES_H 1
#define HAVE_SYS_STAT_H 1
#define HAVE_STDLIB_H 1
#define HAVE_STRING_H 1
#define HAVE_MEMORY_H 1
#define HAVE_STRINGS_H 1
#define HAVE_INTTYPES_H 1
#define HAVE_STDINT_H 1
#define HAVE_UNISTD_H 1
#define SWIG_LIB "/usr/local/share/swig/3.0.12"
#define SWIG_LIB_WIN_UNIX ""

configure: exit 0
